<?xml version="1.0" encoding="UTF-8"?>
<testsuite name="com.poc.reaction.service.ReactionServiceTest" tests="1" skipped="0" failures="0" errors="0" timestamp="2024-03-07T18:24:22" hostname="APARP-M-X9K2" time="0.78">
  <properties/>
  <testcase name="testAddGetTweetReaction()" classname="com.poc.reaction.service.ReactionServiceTest" time="0.78"/>
  <system-out><![CDATA[23:54:20.041 [Test worker] INFO org.springframework.test.context.support.AnnotationConfigContextLoaderUtils -- Could not detect default configuration classes for test class [com.poc.reaction.service.ReactionServiceTest]: ReactionServiceTest does not declare any static, non-private, non-final, nested classes annotated with @Configuration.
23:54:20.134 [Test worker] INFO org.springframework.boot.test.context.SpringBootTestContextBootstrapper -- Found @SpringBootConfiguration com.poc.reaction.ReactionApplication for test class com.poc.reaction.service.ReactionServiceTest

  .   ____          _            __ _ _
 /\\ / ___'_ __ _ _(_)_ __  __ _ \ \ \ \
( ( )\___ | '_ | '_| | '_ \/ _` | \ \ \ \
 \\/  ___)| |_)| | | | | || (_| |  ) ) ) )
  '  |____| .__|_| |_|_| |_\__, | / / / /
 =========|_|==============|___/=/_/_/_/
 :: Spring Boot ::                (v3.2.3)

2024-03-07T23:54:20.443+05:30  INFO 54598 --- [    Test worker] c.p.r.service.ReactionServiceTest        : Starting ReactionServiceTest using Java 17.0.2 with PID 54598 (started by aparp in /Users/aparp/IdeaProjects/2nd/reaction)
2024-03-07T23:54:20.444+05:30  INFO 54598 --- [    Test worker] c.p.r.service.ReactionServiceTest        : No active profile set, falling back to 1 default profile: "default"
2024-03-07T23:54:21.079+05:30  INFO 54598 --- [    Test worker] .s.d.r.c.RepositoryConfigurationDelegate : Bootstrapping Spring Data JDBC repositories in DEFAULT mode.
2024-03-07T23:54:21.119+05:30  INFO 54598 --- [    Test worker] .s.d.r.c.RepositoryConfigurationDelegate : Finished Spring Data repository scanning in 34 ms. Found 1 JDBC repository interface.
2024-03-07T23:54:21.439+05:30  INFO 54598 --- [    Test worker] com.zaxxer.hikari.HikariDataSource       : HikariPool-1 - Starting...
2024-03-07T23:54:21.501+05:30  INFO 54598 --- [    Test worker] com.zaxxer.hikari.pool.PoolBase          : HikariPool-1 - Driver does not support get/set network timeout for connections. (Receiver class org.h2.jdbc.JdbcConnection does not define or inherit an implementation of the resolved method 'abstract int getNetworkTimeout()' of interface java.sql.Connection.)
2024-03-07T23:54:21.507+05:30  INFO 54598 --- [    Test worker] com.zaxxer.hikari.pool.HikariPool        : HikariPool-1 - Added connection conn0: url=jdbc:h2:mem:testdb user=SA
2024-03-07T23:54:21.509+05:30  INFO 54598 --- [    Test worker] com.zaxxer.hikari.HikariDataSource       : HikariPool-1 - Start completed.
2024-03-07T23:54:22.278+05:30  INFO 54598 --- [    Test worker] c.p.r.service.ReactionServiceTest        : Started ReactionServiceTest in 2.023 seconds (process running for 2.981)
]]></system-out>
  <system-err><![CDATA[]]></system-err>
</testsuite>
